<?xml version="1.0" encoding="UTF-8"?>
<!-- Generated by org.testng.reporters.JUnitReportReporter -->
<testsuite skipped="0" hostname="DT-SONI" name="TestCases.SeleniumTest" tests="2" failures="0" timestamp="27 Mar 2019 11:28:56 GMT" time="0.010" errors="0">
  <testcase name="demoTest1" time="0.010" classname="TestCases.SeleniumTest"/>
  <testcase name="demoTest2" time="0.000" classname="TestCases.SeleniumTest"/>
</testsuite> <!-- TestCases.SeleniumTest -->
