<?xml version="1.0" encoding="UTF-8"?>
<!-- Generated by org.testng.reporters.JUnitReportReporter -->
<testsuite skipped="0" hostname="DT-SONI" name="TestCases.AppTest" tests="1" failures="0" timestamp="27 Mar 2019 11:28:56 GMT" time="0.001" errors="0">
  <testcase name="testApp" time="0.001" classname="TestCases.AppTest"/>
</testsuite> <!-- TestCases.AppTest -->
